2020-06-28 07:14:04 - dagster - DEBUG - inputs_pipeline - 957aca95-80b4-429e-b1c8-437109db1fa6 - STEP_START - Started execution of step "sort_by_calories.compute".
dagster/solid_selection = "*"
               solid = "sort_by_calories"
    solid_definition = "sort_by_calories"
            step_key = "sort_by_calories.compute"
2020-06-28 07:14:04 - dagster - DEBUG - inputs_pipeline - 957aca95-80b4-429e-b1c8-437109db1fa6 - STEP_INPUT - Got input "cereals" of type "Any". (Type check passed).
dagster/solid_selection = "*"
 event_specific_data = {"input_name": "cereals", "type_check_data": [true, "cereals", null, []]}
               solid = "sort_by_calories"
    solid_definition = "sort_by_calories"
            step_key = "sort_by_calories.compute"
2020-06-28 07:14:04 - dagster - INFO - system - 957aca95-80b4-429e-b1c8-437109db1fa6 - Least caloric cereal: Corn Flakes
dagster/solid_selection = "*"
               solid = "sort_by_calories"
    solid_definition = "sort_by_calories"
            step_key = "sort_by_calories.compute"
2020-06-28 07:14:04 - dagster - INFO - system - 957aca95-80b4-429e-b1c8-437109db1fa6 - Most caloric cereal: Strawberry Fruit Wheats
dagster/solid_selection = "*"
               solid = "sort_by_calories"
    solid_definition = "sort_by_calories"
            step_key = "sort_by_calories.compute"
2020-06-28 07:14:04 - dagster - DEBUG - inputs_pipeline - 957aca95-80b4-429e-b1c8-437109db1fa6 - STEP_OUTPUT - Yielded output "result" of type "Any". (Type check passed).
dagster/solid_selection = "*"
 event_specific_data = {"intermediate_materialization": null, "step_output_handle": ["sort_by_calories.compute", "result"], "type_check_data": [true, "result", null, []]}
               solid = "sort_by_calories"
    solid_definition = "sort_by_calories"
            step_key = "sort_by_calories.compute"
2020-06-28 07:14:04 - dagster - DEBUG - inputs_pipeline - 957aca95-80b4-429e-b1c8-437109db1fa6 - STEP_SUCCESS - Finished execution of step "sort_by_calories.compute" in 33ms.
dagster/solid_selection = "*"
 event_specific_data = {"duration_ms": 33.658071999980166}
               solid = "sort_by_calories"
    solid_definition = "sort_by_calories"
            step_key = "sort_by_calories.compute"
